Environment at start of build:
76eX = C:\Users\lelan\source\_76eX_
ADVISOR_2020_DIR = C:\Program Files (x86)\IntelSWTools\Advisor 2020\
ALLUSERSPROFILE = C:\ProgramData
APPDATA = C:\Users\lelan\AppData\Roaming
BAZEL_VS = C:\Program Files (x86)\Microsoft Visual Studio\2019\BuildTools
Boost_INCLUDE_DIR = C:\boost\
CatEngine = C:\Users\lelan\source\Libraries2\CatEngine\CatEngine
ChocolateyInstall = C:\ProgramData\chocolatey
ChocolateyLastPathUpdate = 132253123999173605
CommonProgramFiles = C:\Program Files (x86)\Common Files
CommonProgramFiles(x86) = C:\Program Files (x86)\Common Files
CommonProgramW6432 = C:\Program Files\Common Files
COMPUTERNAME = LELAND-BOOK-2B
ComSpec = C:\WINDOWS\system32\cmd.exe
DriverData = C:\Windows\System32\Drivers\DriverData
DXSDK_DIR = C:\Program Files (x86)\Microsoft DirectX SDK (June 2010)\
FO76 = C:\Program Files (x86)\Bethesda.net Launcher\games\Fallout76
FODIR = C:\Program Files (x86)\Bethesda.net Launcher\games\Fallout76
FPS_BROWSER_APP_PROFILE_STRING = Internet Explorer
FPS_BROWSER_USER_PROFILE_STRING = Default
GFXSDK = C:\Program Files (x86)\Scaleform\GFx SDK 4.0\
GIT_LFS_PATH = C:\Program Files\Git LFS
GOOGLE_APPLICATION_CREDENTIALS = C:\Users\lelan\source\_76eX_\data\credentials\eXlog-9b6f1b16e8f7.json
GOPATH = C:\Users\lelan\go
HOMEDRIVE = C:
HOMEPATH = \Users\lelan
ICPP_COMPILER20 = C:\Program Files (x86)\IntelSWTools\compilers_and_libraries_2020.0.166\windows\
IDADIR = C:\Program Files\IDA 7.2
IDALOG = C:\Users\lelan\OneDrive\Desktop\FO76\Traces\_IDALOG.txt
idasdk = C:\Program Files\IDA 7.2\sdk\idasdk72
IDASUPPORT = C:\Users\lelan\source\Frameworks\ida-support-library-code
INSPECTOR_2020_DIR = C:\Program Files (x86)\IntelSWTools\Inspector 2020\
INTEL_DEV_REDIST = C:\Program Files (x86)\Common Files\Intel\Shared Libraries\
INTEL_LIBITTNOTIFY64 = C:\Intel\IntelSEAPI\bin\IntelSEAPI64.dll
INTEL_LICENSE_FILE = C:\Program Files (x86)\Common Files\\Intel\Licenses;C:\Program Files (x86)\Common Files\Intel\Licenses
INTEL_SEA_SAVE_TO = C:\Intel\Trace\Trace.log
I_MPI_ROOT = C:\Program Files (x86)\IntelSWTools\compilers_and_libraries_2020.0.166\windows\mpi
JAVA_HOME = C:\Program Files\Android\Jdk\microsoft_dist_openjdk_1.8.0.25
KAITAI_STRUCT_COMPILER_HOME = C:\Program Files (x86)\kaitai-struct-compiler\
LLVM_DIR = C:\Users\lelan\source\Frameworks\vcpkg\installed\x64-windows-static\share\llvm
LOCALAPPDATA = C:\Users\lelan\AppData\Local
LOGONSERVER = \\LELAND-BOOK-2B
LUA_DIR = C:\Program Files (x86)\Lua\5.3
MSBuildLoadMicrosoftTargetsReadOnly = true
MVSVC = C:\Program Files (x86)\Microsoft Visual Studio 14.0\VC
NUMBER_OF_PROCESSORS = 8
NVTOOLSEXT_PATH = C:\Program Files\NVIDIA Corporation\NvToolsExt\
OneDrive = C:\Users\lelan\OneDrive - licornetech.com
OneDriveCommercial = C:\Users\lelan\OneDrive - licornetech.com
OneDriveConsumer = C:\Users\lelan\OneDrive
OS = Windows_NT
Path = C:\Python38\Scripts\;C:\Python38\;C:\Program Files (x86)\IntelSWTools\compilers_and_libraries_2020.0.166\windows\mpi\intel64\bin;C:\Program Files (x86)\Common Files\Intel\Shared Libraries\redist\intel64_win\mpirt;C:\Program Files (x86)\Common Files\Intel\Shared Libraries\redist\intel64_win\compiler;C:\Perl64\site\bin;C:\Perl64\bin;C:\Program Files (x86)\Embarcadero\Studio\20.0\bin;C:\Users\Public\Documents\Embarcadero\Studio\20.0\Bpl;C:\Program Files (x86)\Embarcadero\Studio\20.0\bin64;C:\Users\Public\Documents\Embarcadero\Studio\20.0\Bpl\Win64;C:\Program Files (x86)\Common Files\Oracle\Java\javapath;C:\windows\system32;C:\windows;C:\windows\System32\Wbem;C:\windows\System32\WindowsPowerShell\v1.0\;C:\windows\System32\OpenSSH\;C:\Program Files\dotnet\;C:\Program Files (x86)\Windows Kits\10\Windows Performance Toolkit\;C:\Program Files (x86)\Windows Kits\10\Debuggers\x64;C:\Python27amd64\;C:\Python27amd64\Scripts\;C:\Program Files\Git LFS;C:\Program Files (x86)\NVIDIA Corporation\PhysX\Common;C:\Program Files\Microsoft Network Monitor 3\;C:\Program Files\010 Editor;C:\Program Files (x86)\Microsoft SDKs\TypeScript\1.0\;C:\Qt\5.13.0\msvc2017_64\bin;c:\code\depot_tools;C:\lazarus\fpc\3.0.4\bin\i386-Win32;C:\ProgramData\chocolatey\bin;C:\Program Files\Microsoft SQL Server\130\Tools\Binn\;C:\Program Files (x86)\Windows Kits\8.1\Windows Performance Toolkit\;C:\Go\bin;C:\Users\lelan\source\Reversing\retdec\bin;C:\Program Files (x86)\kaitai-struct-compiler\bin;C:\Program Files\SlikSvn\bin;C:\Program Files (x86)\Google\Cloud SDK\google-cloud-sdk\bin;C:\Program Files\CMake\bin;C:\Qt\5.13.2\winrt_x64_msvc2017\bin;C:\mingw64\bin;C:\Program Files\Docker\Docker\resources\bin;C:\ProgramData\DockerDesktop\version-bin;C:\Program Files\Git\cmd;C:\Program Files (x86)\Microsoft Visual Studio\2019\Preview\VC\Tools\MSVC\14.25.28508\include;C:\Program Files\Microsoft VS Code Insiders\bin;C:\Program Files\Microsoft SQL Server\Client SDK\ODBC\170\Tools\Binn\;C:\Program Files\LLVM\bin;C:\Program Files\nodejs\;C:\Users\lelan\AppData\Local\ValidatorBuddy;C:\Users\lelan\AppData\Local\Microsoft\WindowsApps;C:\Users\lelan\AppData\Local\Microsoft\WindowsApps;C:\Program Files (x86)\Dr. Memory\bin\;C:\Users\lelan\AppData\Local\Programs\Fiddler;C:\Program Files (x86)\Microsoft Visual Studio 14.0\VC;c:\code\depot_tools;C:\Users\lelan\source\vcpkg;C:\Users\lelan\.dotnet\tools;C:\Users\lelan\go\bin;C:\Program Files (x86)\mitmproxy\bin;C:\mingw64\bin;C:\Python27;C:\Python27\Scripts;C:\Users\lelan\AppData\Local\Programs\Python\Python37;C:\Users\lelan\AppData\Local\Programs\Python\Python37\Scripts;C:\bazel;C:\Program Files\JetBrains\PyCharm 2019.3.1\bin;C:\Users\lelan\AppData\Local\GitHubDesktop\bin;C:\Users\lelan\AppData\Roaming\npm;C:\Program Files (x86)\Meld;
PATHEXT = .COM;.EXE;.BAT;.CMD;.VBS;.VBE;.JS;.JSE;.WSF;.WSH;.MSC;.PY;.PYW
pin = c:\pin
PIN_ROOT = C:\pin
PkgDefApplicationConfigFile = C:\Users\lelan\AppData\Local\Microsoft\VisualStudio\16.0_a4b34318\devenv.exe.config
PROCESSOR_ARCHITECTURE = x86
PROCESSOR_ARCHITEW6432 = AMD64
PROCESSOR_IDENTIFIER = Intel64 Family 6 Model 142 Stepping 10, GenuineIntel
PROCESSOR_LEVEL = 6
PROCESSOR_REVISION = 8e0a
ProgramData = C:\ProgramData
ProgramFiles = C:\Program Files (x86)
ProgramFiles(x86) = C:\Program Files (x86)
ProgramW6432 = C:\Program Files
PSModulePath = C:\Program Files (x86)\WindowsPowerShell\Modules;C:\WINDOWS\system32\WindowsPowerShell\v1.0\Modules;C:\Program Files\Microsoft Message Analyzer\PowerShell\;C:\Program Files (x86)\Google\Cloud SDK\google-cloud-sdk\platform\PowerShell
PUBLIC = C:\Users\Public
PyCharm = C:\Program Files\JetBrains\PyCharm 2019.3.1\bin;
PYTHON = C:\Python27
PYTHON_HOME = C:\Python27
Python_ROOT_DIR = C:\Users\lelan\AppData\Local\Programs\Python\Python37
QTDIR = C:\Qt\5.13.2\msvc2017_64
QtMsBuild = C:\Users\lelan\AppData\Local\QtMsBuild
ServiceHubLogSessionKey = 70AC6A6F
SESSIONNAME = Console
SOURCE = C:\Users\lelan\source
Source_Frameworks = C:\Users\lelan\source\Frameworks
Source_Libraries = C:\Users\lelan\source\_Libraries
SSLKEYLOGFILE = C:\users\lelan\premaster.txt
SystemDrive = C:
SystemRoot = C:\WINDOWS
TEMP = C:\Users\lelan\AppData\Local\Temp
ThreadedWaitDialogDpiContext = -4
TMP = C:\Users\lelan\AppData\Local\Temp
USERDOMAIN = LELAND-BOOK-2B
USERDOMAIN_ROAMINGPROFILE = LELAND-BOOK-2B
USERNAME = lelan
USERPROFILE = C:\Users\lelan
VCPKG_DEFAULT_TRIPLET = x64-windows-static
VCPKG_ROOT = C:\Users\lelan\source\vcpkg
VisualStudioDir = C:\Users\lelan\OneDrive\Documents\Visual Studio 2019
VisualStudioEdition = Microsoft Visual Studio Enterprise 2019
VisualStudioVersion = 16.0
VS110COMNTOOLS = C:\Program Files (x86)\Microsoft Visual Studio 11.0\Common7\Tools\
VS120COMNTOOLS = C:\Program Files (x86)\Microsoft Visual Studio 12.0\Common7\Tools\
VS140COMNTOOLS = C:\Program Files (x86)\Microsoft Visual Studio 14.0\Common7\Tools\
VS2017INSTALLDIR = C:\Program Files (x86)\Microsoft Visual Studio\2017\BuildTools
VS2019INSTALLDIR = C:\Program Files (x86)\Microsoft Visual Studio\2019\Preview
VSAPPIDDIR = C:\Program Files (x86)\Microsoft Visual Studio\2019\Preview\Common7\IDE\
VSAPPIDNAME = devenv.exe
VSLANG = 1033
VSSKUEDITION = Enterprise
VTUNE_PROFILER_2020_DIR = C:\Program Files (x86)\IntelSWTools\VTune Profiler 2020\
windir = C:\WINDOWS

  stdafx.cpp
C:\Users\lelan\source\_76eX_\eXternal\cheat-engine\Y eXgineer\Direct x mess\CED3D11Hook\stdafx.h(14,10): fatal error C1083: Cannot open include file: 'd3dx11.h': No such file or directory

Project Evaluation Performance Summary:
      248 ms  C:\Users\lelan\source\_76eX_\eXternal\cheat-engine\Y eXgineer\Direct x mess\CED3D11Hook\CED3D11Hook.vcxproj   1 calls

Project Performance Summary:
     1295 ms  C:\Users\lelan\source\_76eX_\eXternal\cheat-engine\Y eXgineer\Direct x mess\CED3D11Hook\CED3D11Hook.vcxproj   1 calls
               1295 ms  Build                                      1 calls

Target Performance Summary:
        0 ms  BuildGenerateSourcesTraverse               1 calls
        0 ms  ComputeCustomBuildOutput                   1 calls
        0 ms  SelectCustomBuild                          1 calls
        0 ms  _SelectedFiles                             1 calls
        0 ms  MakeDirsForMidl                            1 calls
        0 ms  BeforeBuildGenerateSources                 1 calls
        0 ms  ComputeMIDLGeneratedCompileInputs          1 calls
        0 ms  AfterMidl                                  1 calls
        0 ms  ResolveReferences                          1 calls
        0 ms  AfterResolveReferences                     1 calls
        0 ms  ResolveAssemblyReferences                  1 calls
        0 ms  ExpandSDKReferences                        1 calls
        0 ms  ResolveSDKReferences                       1 calls
        0 ms  _Midl                                      1 calls
        0 ms  _Xsd                                       1 calls
        0 ms  SetCABuildNativeEnvironmentVariables       1 calls
        0 ms  AfterBuildGenerateSources                  1 calls
        0 ms  AfterBuildGenerateSourcesEvent             1 calls
        0 ms  GetReferenceAssemblyPaths                  1 calls
        0 ms  _BuildGenerateSourcesAction                1 calls
        0 ms  SelectClCompile                            1 calls
        0 ms  PrepareProjectReferences                   1 calls
        0 ms  BuildGenerateSources                       1 calls
        0 ms  BuildCompileTraverse                       1 calls
        0 ms  BeforeClCompile                            1 calls
        0 ms  BeforeResolveReferences                    1 calls
        0 ms  _PrepareForReferenceResolution             1 calls
        0 ms  ComputeCLInputPDBName                      1 calls
        0 ms  FindReferenceAssembliesForReferences       1 calls
        0 ms  CopyFileToFolders                          1 calls
        1 ms  _CheckWindowsSDKInstalled                  1 calls
        1 ms  PreBuildEvent                              1 calls
        1 ms  _GetProjectReferenceTargetFrameworkProperties   1 calls
        1 ms  FixupCLCompileOptions                      1 calls
        1 ms  _SplitProjectReferencesByFileExistence     1 calls
        1 ms  GetFrameworkPaths                          1 calls
        1 ms  SetBuildDefaultEnvironmentVariables        1 calls
        1 ms  GetResolvedWinMD                           1 calls
        1 ms  VcpkgTripletSelection                      1 calls
        3 ms  AssignProjectConfiguration                 1 calls
        4 ms  _PrepareForBuild                           1 calls
        4 ms  InitializeBuildStatus                      1 calls
        5 ms  WarnCompileDuplicatedFilename              1 calls
        7 ms  MakeDirsForCl                              1 calls
        8 ms  CustomBuild                                1 calls
       11 ms  SetTelemetryEnvironmentVariables           1 calls
       14 ms  PrepareForBuild                            1 calls
       16 ms  ComputeReferenceCLInput                    1 calls
       21 ms  _CheckForInvalidConfigurationAndPlatform   1 calls
       33 ms  ResolveProjectReferences                   1 calls
     1117 ms  ClCompile                                  1 calls

Task Performance Summary:
        1 ms  Delete                                     2 calls
        1 ms  ReadLinesFromFile                          1 calls
        1 ms  MSBuild                                    1 calls
        1 ms  CheckVCToolsetVersion                      1 calls
        2 ms  AssignProjectConfiguration                 1 calls
        2 ms  SetEnv                                     8 calls
        2 ms  Touch                                      1 calls
        3 ms  Message                                    3 calls
        4 ms  MakeDir                                    5 calls
        7 ms  GetOutOfDateItems                          3 calls
        7 ms  WriteLinesToFile                           3 calls
     1115 ms  CL                                         1 calls
